TN:
SF:/Users/arni/coding_for_fun/arcadia/ag-coding-test/source/Basket.js
FN:5,(anonymous_0)
FN:14,(anonymous_1)
FN:26,(anonymous_2)
FN:27,(anonymous_3)
FNF:4
FNH:4
FNDA:8,(anonymous_0)
FNDA:20,(anonymous_1)
FNDA:6,(anonymous_2)
FNDA:12,(anonymous_3)
DA:6,8
DA:7,8
DA:8,8
DA:9,8
DA:15,20
DA:16,20
DA:17,1
DA:19,19
DA:20,19
DA:27,6
DA:28,12
DA:29,12
DA:31,6
DA:32,6
LF:14
LH:14
BRDA:5,0,0,8
BRDA:6,1,0,8
BRDA:6,1,1,8
BRDA:9,2,0,8
BRDA:9,2,1,8
BRDA:16,3,0,1
BRDA:16,3,1,19
BRF:7
BRH:7
end_of_record
TN:
SF:/Users/arni/coding_for_fun/arcadia/ag-coding-test/source/Supermarket.js
FN:4,(anonymous_0)
FN:10,(anonymous_1)
FN:17,(anonymous_2)
FNF:3
FNH:3
FNDA:17,(anonymous_0)
FNDA:23,(anonymous_1)
FNDA:4,(anonymous_2)
DA:5,17
DA:12,23
DA:18,4
DA:19,4
DA:21,2
DA:23,2
LF:6
LH:6
BRDA:4,0,0,16
BRDA:5,1,0,17
BRDA:5,1,1,16
BRDA:12,2,0,23
BRDA:12,2,1,22
BRDA:19,3,0,2
BRDA:19,3,1,2
BRDA:19,4,0,4
BRDA:19,4,1,3
BRDA:19,4,2,3
BRF:10
BRH:10
end_of_record
